<?xml version="1.0" encoding="UTF-8"?>
<md:EntityDescriptor
    entityID="https://test-sp.clarin.eu/shibboleth"
    xmlns:md="urn:oasis:names:tc:SAML:2.0:metadata">
    <md:Extensions>
        <mdattr:EntityAttributes
            xmlns:mdattr="urn:oasis:names:tc:SAML:metadata:attribute">
            <saml:Attribute
                xmlns:saml="urn:oasis:names:tc:SAML:2.0:assertion"
                NameFormat="urn:oasis:names:tc:SAML:2.0:attrname-format:uri"
                Name="http://macedir.org/entity-category">
                <saml:AttributeValue>http://www.geant.net/uri/dataprotection-code-of-conduct/v1</saml:AttributeValue>
            </saml:Attribute>
            <saml:Attribute
                xmlns:saml="urn:oasis:names:tc:SAML:2.0:assertion"
                Name="http://macedir.org/entity-category"
                NameFormat="urn:oasis:names:tc:SAML:2.0:attrname-format:uri">
                <saml:AttributeValue>http://refeds.org/category/research-and-scholarship</saml:AttributeValue>
            </saml:Attribute>
        </mdattr:EntityAttributes>
    </md:Extensions>
    <md:SPSSODescriptor
        protocolSupportEnumeration="urn:oasis:names:tc:SAML:2.0:protocol">
        <md:Extensions>
            <mdui:UIInfo
                xmlns:mdui="urn:oasis:names:tc:SAML:metadata:ui">
                <mdui:DisplayName
                    xml:lang="en">CLARIN - test-sp</mdui:DisplayName>
                <mdui:Description
                    xml:lang="en">For resource A and web application B.</mdui:Description>
                <mdui:DisplayName
                    xml:lang="de">CLARIN - test-sp</mdui:DisplayName>
                <mdui:Description
                    xml:lang="de">FÃ¼r Ressource A und Webanwendung B.</mdui:Description>
                <mdui:DisplayName
                    xml:lang="fi">CLARIN - test-sp</mdui:DisplayName>
                <mdui:Description
                    xml:lang="fi">Resurssien A ja web-sovelluksen B.</mdui:Description>
                <mdui:DisplayName
                    xml:lang="nl">CLARIN - test-sp</mdui:DisplayName>
                <mdui:Description
                    xml:lang="nl">Voor materiaal A en webapplicatie B.</mdui:Description>
                <mdui:InformationURL
                    xml:lang="en">https://www.clarin.eu/applications</mdui:InformationURL>
                <mdui:Logo
                    height="220"
                    width="195">https://www.clarin.eu/sites/default/files/clarin-logo.png</mdui:Logo>
                <mdui:Keywords
                    xml:lang="en">CLARIN test-sp resource+A A B</mdui:Keywords>
                <mdui:Keywords
                    xml:lang="nl">CLARIN test-sp materiaal+A A B</mdui:Keywords>
                <mdui:PrivacyStatementURL
                    xml:lang="en">https://catalog.clarin.eu/privacy_statement.xhtml</mdui:PrivacyStatementURL>
            </mdui:UIInfo>
        </md:Extensions>
        <md:AssertionConsumerService
            Binding="urn:oasis:names:tc:SAML:2.0:bindings:HTTP-POST"
            Location="https://resource_a.clarin.eu/Shibboleth.sso/SAML2/POST"
            index="1"/>
        <md:AssertionConsumerService
            Binding="urn:oasis:names:tc:SAML:2.0:bindings:HTTP-POST-SimpleSign"
            Location="https://resource_a.clarin.eu/Shibboleth.sso/SAML2/POST-SimpleSign"
            index="2"/>
        <md:AssertionConsumerService
            Binding="urn:oasis:names:tc:SAML:2.0:bindings:HTTP-Artifact"
            Location="https://resource_a.clarin.eu/Shibboleth.sso/SAML2/Artifact"
            index="3"/>
        <md:AssertionConsumerService
            Binding="urn:oasis:names:tc:SAML:2.0:bindings:PAOS"
            Location="https://resource_a.clarin.eu/Shibboleth.sso/SAML2/ECP"
            index="4"/>
        
        <md:AssertionConsumerService
            Binding="urn:oasis:names:tc:SAML:2.0:bindings:HTTP-POST"
            Location="https://web_app_b.clarin.eu/Shibboleth.sso/SAML2/POST"
            index="5"/>
        <md:AssertionConsumerService
            Binding="urn:oasis:names:tc:SAML:2.0:bindings:HTTP-POST-SimpleSign"
            Location="https://web_app_b.clarin.eu/Shibboleth.sso/SAML2/POST-SimpleSign"
            index="6"/>
        <md:AssertionConsumerService
            Binding="urn:oasis:names:tc:SAML:2.0:bindings:HTTP-Artifact"
            Location="https://web_app_b.clarin.eu/Shibboleth.sso/SAML2/Artifact"
            index="7"/>
        <md:AssertionConsumerService
            Binding="urn:oasis:names:tc:SAML:2.0:bindings:PAOS"
            Location="https://web_app_b.clarin.eu/Shibboleth.sso/SAML2/ECP"
            index="8"/>
        
        <md:AssertionConsumerService
            Binding="urn:oasis:names:tc:SAML:2.0:bindings:HTTP-POST"
            Location="https://test-sp.clarin.eu/Shibboleth.sso/SAML2/POST"
            index="9"/>
        <md:AssertionConsumerService
            Binding="urn:oasis:names:tc:SAML:2.0:bindings:HTTP-POST-SimpleSign"
            Location="https://test-sp.clarin.eu/Shibboleth.sso/SAML2/POST-SimpleSign"
            index="10"/>
        <md:AssertionConsumerService
            Binding="urn:oasis:names:tc:SAML:2.0:bindings:HTTP-Artifact"
            Location="https://test-sp.clarin.eu/Shibboleth.sso/SAML2/Artifact"
            index="11"/>
        <md:AssertionConsumerService
            Binding="urn:oasis:names:tc:SAML:2.0:bindings:PAOS"
            Location="https://test-sp.clarin.eu/Shibboleth.sso/SAML2/ECP"
            index="12"/>
        <md:AttributeConsumingService
            index="1">
            <md:ServiceName
                xml:lang="en">CLARIN - test-sp</md:ServiceName>
            <md:ServiceDescription
                xml:lang="en">For resource A and web application B.</md:ServiceDescription>
            <md:RequestedAttribute
                FriendlyName="eduPersonTargetedID"
                Name="urn:oid:1.3.6.1.4.1.5923.1.1.1.10"
                NameFormat="urn:oasis:names:tc:SAML:2.0:attrname-format:uri"
                isRequired="true"/>
            <md:RequestedAttribute
                FriendlyName="eduPersonPrincipalName"
                Name="urn:oid:1.3.6.1.4.1.5923.1.1.1.6"
                NameFormat="urn:oasis:names:tc:SAML:2.0:attrname-format:uri"
                isRequired="true"/>
            <md:RequestedAttribute
                FriendlyName="mail"
                Name="urn:oid:0.9.2342.19200300.100.1.3"
                NameFormat="urn:oasis:names:tc:SAML:2.0:attrname-format:uri"
                isRequired="false"/>
        </md:AttributeConsumingService>
    </md:SPSSODescriptor>
    <md:Organization>
        <md:OrganizationName
            xml:lang="en">CLARIN ERIC</md:OrganizationName>
        <md:OrganizationDisplayName
            xml:lang="en">CLARIN</md:OrganizationDisplayName>
        <md:OrganizationURL
            xml:lang="en">https://www.clarin.eu/</md:OrganizationURL>
    </md:Organization>
    <md:ContactPerson
        contactType="administrative">
        <md:GivenName>Dieter</md:GivenName>
        <md:SurName>Van Uytvanck</md:SurName>
        <md:EmailAddress>mailto:clarin@clarin.eu</md:EmailAddress>
    </md:ContactPerson>
    <md:ContactPerson
        contactType="support">
        <md:GivenName>Dieter</md:GivenName>
        <md:SurName>Van Uytvanck</md:SurName>
        <md:EmailAddress>mailto:spf@clarin.eu</md:EmailAddress>
    </md:ContactPerson>
    <md:ContactPerson
        contactType="technical">
        <md:GivenName>Dieter</md:GivenName>
        <md:SurName>Van Uytvanck</md:SurName>
        <md:EmailAddress>mailto:sysops@clarin.eu</md:EmailAddress>
    </md:ContactPerson>
</md:EntityDescriptor>
